<?xml version="1.0" encoding="UTF-8"?>
<TestRun id="ca0fe0f7-a779-45b2-a4c5-b016f15bb7a3" name="walton_keith@KEITHWPC 2012-03-22 15:09:02" runUser="3NET\walton_keith" xmlns="http://microsoft.com/schemas/VisualStudio/TeamTest/2010">
  <TestSettings name="Local" id="c5084bbc-a2eb-4729-8c1a-90d09d3cc766">
    <Description>These are default test settings for a local test run.</Description>
    <Deployment enabled="false" runDeploymentRoot="walton_keith_KEITHWPC 2012-03-22 15_09_02">
      <DeploymentItem filename="C:\Users\walton_keith\Dropbox\Projects (1)\Common\Newtonsoft.Json.Net35.dll" />
      <DeploymentItem filename="C:\Users\walton_keith\Dropbox\Projects (1)\Common\Ionic.Zip.dll" />
      <DeploymentItem filename="C:\Users\walton_keith\Dropbox\Projects (1)\urbanAskTest\WebDriverUtility\bin\Debug\UrbanAsk.Utility.WebDriverUtility.dll" />
      <DeploymentItem filename="C:\Users\walton_keith\Dropbox\Projects (1)\Common\WebDriver.dll" />
    </Deployment>
    <Execution>
      <TestTypeSpecific />
      <AgentRule name="Execution Agents">
      </AgentRule>
    </Execution>
  </TestSettings>
  <Times creation="2012-03-22T15:09:02.2476542-07:00" queuing="2012-03-22T15:09:05.8335206-07:00" start="2012-03-22T15:09:06.1217510-07:00" finish="2012-03-22T15:09:25.7784638-07:00" />
  <ResultSummary outcome="Completed">
    <Counters total="1" executed="1" passed="1" error="0" failed="0" timeout="0" aborted="0" inconclusive="0" passedButRunAborted="0" notRunnable="0" notExecuted="0" disconnected="0" warning="0" completed="0" inProgress="0" pending="0" />
  </ResultSummary>
  <TestDefinitions>
    <UnitTest name="TestMethod1" storage="c:\users\walton_keith\dropbox\projects (1)\urbanasktest\urbanasktest\bin\debug\urbanask.test.urbanasktest.dll" id="8ee65056-952e-3d17-3ad8-12bf54ac319c">
      <Execution id="8b5ded2e-cef0-4630-8f66-76e4763baa80" />
      <TestMethod codeBase="C:/Users/walton_keith/Dropbox/Projects (1)/urbanAskTest/UrbanAskTest/bin/Debug/UrbanAsk.Test.UrbanAskTest.DLL" adapterTypeName="Microsoft.VisualStudio.TestTools.TestTypes.Unit.UnitTestAdapter, Microsoft.VisualStudio.QualityTools.Tips.UnitTest.Adapter, Version=10.0.0.0, Culture=neutral, PublicKeyToken=b03f5f7f11d50a3a" className="UrbanAsk.Test.UrbanAskTest.FacebookIntegration, UrbanAsk.Test.UrbanAskTest, Version=1.0.0.0, Culture=neutral, PublicKeyToken=c89b0b54a31710c3" name="TestMethod1" />
    </UnitTest>
  </TestDefinitions>
  <TestLists>
    <TestList name="Results Not in a List" id="8c84fa94-04c1-424b-9868-57a2d4851a1d" />
    <TestList name="All Loaded Results" id="19431567-8539-422a-85d7-44ee4e166bda" />
  </TestLists>
  <TestEntries>
    <TestEntry testId="8ee65056-952e-3d17-3ad8-12bf54ac319c" executionId="8b5ded2e-cef0-4630-8f66-76e4763baa80" testListId="8c84fa94-04c1-424b-9868-57a2d4851a1d" />
  </TestEntries>
  <Results>
    <UnitTestResult executionId="8b5ded2e-cef0-4630-8f66-76e4763baa80" testId="8ee65056-952e-3d17-3ad8-12bf54ac319c" testName="TestMethod1" computerName="KEITHWPC" duration="00:00:06.3577144" startTime="2012-03-22T15:09:06.2308382-07:00" endTime="2012-03-22T15:09:19.0420790-07:00" testType="13cdc9d9-ddb5-4fa4-a97d-d965ccfc6d4b" outcome="Passed" testListId="8c84fa94-04c1-424b-9868-57a2d4851a1d" relativeResultsDirectory="8b5ded2e-cef0-4630-8f66-76e4763baa80">
    </UnitTestResult>
  </Results>
</TestRun>