<?xml version="1.0" encoding="UTF-8"?>
<TestRun id="f132c082-6f0c-4b88-a316-fbcc7bdc5704" name="walton_keith@KEITHWPC 2012-03-23 10:08:12" runUser="3NET\walton_keith" xmlns="http://microsoft.com/schemas/VisualStudio/TeamTest/2010">
  <TestSettings name="Local" id="c5084bbc-a2eb-4729-8c1a-90d09d3cc766">
    <Description>These are default test settings for a local test run.</Description>
    <Deployment enabled="false" runDeploymentRoot="walton_keith_KEITHWPC 2012-03-23 10_08_12">
      <DeploymentItem filename="C:\Users\walton_keith\Dropbox\Projects (1)\Common\Newtonsoft.Json.Net35.dll" />
      <DeploymentItem filename="C:\Users\walton_keith\Dropbox\Projects (1)\Common\Ionic.Zip.dll" />
      <DeploymentItem filename="C:\Users\walton_keith\Dropbox\Projects (1)\urbanAskTest\WebDriverUtility\bin\Debug\UrbanAsk.Utility.WebDriverUtility.dll" />
      <DeploymentItem filename="C:\Users\walton_keith\Dropbox\Projects (1)\Common\Parameters.dll" />
      <DeploymentItem filename="C:\Users\walton_keith\Dropbox\Projects (1)\Common\WebDriver.dll" />
    </Deployment>
    <Execution>
      <TestTypeSpecific />
      <AgentRule name="Execution Agents">
      </AgentRule>
    </Execution>
  </TestSettings>
  <Times creation="2012-03-23T10:08:12.6905803-07:00" queuing="2012-03-23T10:08:14.6125803-07:00" start="2012-03-23T10:08:14.7985803-07:00" finish="2012-03-23T10:09:16.0515803-07:00" />
  <ResultSummary outcome="Error">
    <Counters total="1" executed="1" error="0" failed="0" timeout="0" aborted="1" inconclusive="0" passedButRunAborted="0" notRunnable="0" notExecuted="0" disconnected="0" warning="0" passed="0" completed="0" inProgress="0" pending="0" />
    <RunInfos>
      <RunInfo computerName="KEITHWPC" outcome="Error" timestamp="2012-03-23T10:09:16.0505803-07:00">
        <Text>Test host process exited unexpectedly.</Text>
      </RunInfo>
    </RunInfos>
  </ResultSummary>
  <TestDefinitions>
    <UnitTest name="TestMethod1" storage="c:\users\walton_keith\dropbox\projects (1)\urbanasktest\urbanasktest\bin\debug\urbanask.test.urbanasktest.dll" id="8ee65056-952e-3d17-3ad8-12bf54ac319c">
      <Execution id="a3b77186-5262-482b-8bed-a5b56ac8c55c" />
      <TestMethod codeBase="C:/Users/walton_keith/Dropbox/Projects (1)/urbanAskTest/UrbanAskTest/bin/Debug/UrbanAsk.Test.UrbanAskTest.DLL" adapterTypeName="Microsoft.VisualStudio.TestTools.TestTypes.Unit.UnitTestAdapter, Microsoft.VisualStudio.QualityTools.Tips.UnitTest.Adapter, Version=10.0.0.0, Culture=neutral, PublicKeyToken=b03f5f7f11d50a3a" className="UrbanAsk.Test.UrbanAskTest.FacebookIntegration, UrbanAsk.Test.UrbanAskTest, Version=1.0.0.0, Culture=neutral, PublicKeyToken=c89b0b54a31710c3" name="TestMethod1" />
    </UnitTest>
  </TestDefinitions>
  <TestLists>
    <TestList name="Results Not in a List" id="8c84fa94-04c1-424b-9868-57a2d4851a1d" />
    <TestList name="All Loaded Results" id="19431567-8539-422a-85d7-44ee4e166bda" />
  </TestLists>
  <TestEntries>
    <TestEntry testId="8ee65056-952e-3d17-3ad8-12bf54ac319c" executionId="a3b77186-5262-482b-8bed-a5b56ac8c55c" testListId="8c84fa94-04c1-424b-9868-57a2d4851a1d" />
  </TestEntries>
  <Results>
    <UnitTestResult executionId="a3b77186-5262-482b-8bed-a5b56ac8c55c" testId="8ee65056-952e-3d17-3ad8-12bf54ac319c" testName="TestMethod1" computerName="KEITHWPC" duration="00:01:01.1190000" startTime="2012-03-23T10:08:14.9325803-07:00" endTime="2012-03-23T10:09:16.0515803-07:00" testType="13cdc9d9-ddb5-4fa4-a97d-d965ccfc6d4b" outcome="Aborted" testListId="8c84fa94-04c1-424b-9868-57a2d4851a1d" relativeResultsDirectory="a3b77186-5262-482b-8bed-a5b56ac8c55c">
    </UnitTestResult>
  </Results>
</TestRun>